child_process: customFds option is deprecated, use stdio instead.
In file included from ../ext/bson.cc:35:
../ext/bson.h:52:51: error: unknown type name 'Arguments'; did you mean 'v8::internal::Arguments'?
        static Handle<Value> BSONDeserializeStream(const Arguments &args);
                                                         ^~~~~~~~~
                                                         v8::internal::Arguments
/MyDevelopment/portal/themesync/ibm-node/ibm-1.2.0.0-node-v0.12.1-headers/deps/v8/include/v8.h:127:7: note: 'v8::internal::Arguments' declared here
class Arguments;
      ^
In file included from ../ext/bson.cc:35:
../ext/bson.h:55:43: error: unknown type name 'Arguments'; did you mean 'v8::internal::Arguments'?
        static Handle<Value> BSONSerialize(const Arguments &args);
                                                 ^~~~~~~~~
                                                 v8::internal::Arguments
/MyDevelopment/portal/themesync/ibm-node/ibm-1.2.0.0-node-v0.12.1-headers/deps/v8/include/v8.h:127:7: note: 'v8::internal::Arguments' declared here
class Arguments;
      ^
In file included from ../ext/bson.cc:35:
../ext/bson.h:56:45: error: unknown type name 'Arguments'; did you mean 'v8::internal::Arguments'?
        static Handle<Value> BSONDeserialize(const Arguments &args);
                                                   ^~~~~~~~~
                                                   v8::internal::Arguments
/MyDevelopment/portal/themesync/ibm-node/ibm-1.2.0.0-node-v0.12.1-headers/deps/v8/include/v8.h:127:7: note: 'v8::internal::Arguments' declared here
class Arguments;
      ^
In file included from ../ext/bson.cc:35:
../ext/bson.h:59:49: error: unknown type name 'Arguments'; did you mean 'v8::internal::Arguments'?
        static Handle<Value> CalculateObjectSize(const Arguments &args);
                                                       ^~~~~~~~~
                                                       v8::internal::Arguments
/MyDevelopment/portal/themesync/ibm-node/ibm-1.2.0.0-node-v0.12.1-headers/deps/v8/include/v8.h:127:7: note: 'v8::internal::Arguments' declared here
class Arguments;
      ^
In file included from ../ext/bson.cc:35:
../ext/bson.h:60:57: error: unknown type name 'Arguments'; did you mean 'v8::internal::Arguments'?
        static Handle<Value> SerializeWithBufferAndIndex(const Arguments &args);
                                                               ^~~~~~~~~
                                                               v8::internal::Arguments
/MyDevelopment/portal/themesync/ibm-node/ibm-1.2.0.0-node-v0.12.1-headers/deps/v8/include/v8.h:127:7: note: 'v8::internal::Arguments' declared here
class Arguments;
      ^
In file included from ../ext/bson.cc:35:
../ext/bson.h:66:33: error: unknown type name 'Arguments'; did you mean 'v8::internal::Arguments'?
        static Handle<Value> New(const Arguments &args);
                                       ^~~~~~~~~
                                       v8::internal::Arguments
/MyDevelopment/portal/themesync/ibm-node/ibm-1.2.0.0-node-v0.12.1-headers/deps/v8/include/v8.h:127:7: note: 'v8::internal::Arguments' declared here
class Arguments;
      ^
../ext/bson.cc:194:14: error: no matching member function for call to 'Has'
                if(object->Has(bson->_bsontypeString))
                   ~~~~~~~~^~~
/MyDevelopment/portal/themesync/ibm-node/ibm-1.2.0.0-node-v0.12.1-headers/deps/v8/include/v8.h:2144:8: note: candidate function not viable: no known conversion from 'Persistent<v8::String>' to 'Handle<v8::Value>' for 1st argument
  bool Has(Handle<Value> key);
       ^
/MyDevelopment/portal/themesync/ibm-node/ibm-1.2.0.0-node-v0.12.1-headers/deps/v8/include/v8.h:2152:8: note: candidate function not viable: no known conversion from 'Persistent<v8::String>' to 'uint32_t' (aka 'unsigned int') for 1st argument
  bool Has(uint32_t index);
       ^
../ext/bson.cc:197:23: error: member reference type 'Persistent<v8::String>' is not a pointer; maybe you meant to use '.'?
                        if(bson->longString->StrictEquals(constructorString))
                           ~~~~~~~~~~~~~~~~^~
                                           .
../ext/bson.cc:197:25: error: no member named 'StrictEquals' in 'v8::Persistent<v8::String, v8::NonCopyablePersistentTraits<v8::String> >'
                        if(bson->longString->StrictEquals(constructorString))
                           ~~~~~~~~~~~~~~~~  ^
../ext/bson.cc:203:33: error: member reference type 'Persistent<v8::String>' is not a pointer; maybe you meant to use '.'?
                        else if(bson->timestampString->StrictEquals(constructorString))
                                ~~~~~~~~~~~~~~~~~~~~~^~
                                                     .
../ext/bson.cc:203:35: error: no member named 'StrictEquals' in 'v8::Persistent<v8::String, v8::NonCopyablePersistentTraits<v8::String> >'
                        else if(bson->timestampString->StrictEquals(constructorString))
                                ~~~~~~~~~~~~~~~~~~~~~  ^
../ext/bson.cc:209:32: error: member reference type 'Persistent<v8::String>' is not a pointer; maybe you meant to use '.'?
                        else if(bson->objectIDString->StrictEquals(constructorString))
                                ~~~~~~~~~~~~~~~~~~~~^~
                                                    .
../ext/bson.cc:209:34: error: no member named 'StrictEquals' in 'v8::Persistent<v8::String, v8::NonCopyablePersistentTraits<v8::String> >'
                        else if(bson->objectIDString->StrictEquals(constructorString))
                                ~~~~~~~~~~~~~~~~~~~~  ^
../ext/bson.cc:214:30: error: member reference type 'Persistent<v8::String>' is not a pointer; maybe you meant to use '.'?
                        else if(bson->binaryString->StrictEquals(constructorString))
                                ~~~~~~~~~~~~~~~~~~^~
                                                  .
../ext/bson.cc:214:32: error: no member named 'StrictEquals' in 'v8::Persistent<v8::String, v8::NonCopyablePersistentTraits<v8::String> >'
                        else if(bson->binaryString->StrictEquals(constructorString))
                                ~~~~~~~~~~~~~~~~~~  ^
../ext/bson.cc:218:31: error: no matching member function for call to 'Get'
                                uint32_t length = object->Get(bson->_binaryPositionString)->Uint32Value();
                                                  ~~~~~~~~^~~
/MyDevelopment/portal/themesync/ibm-node/ibm-1.2.0.0-node-v0.12.1-headers/deps/v8/include/v8.h:2128:16: note: candidate function not viable: no known conversion from 'Persistent<v8::String>' to 'Handle<v8::Value>' for 1st argument
  Local<Value> Get(Handle<Value> key);
               ^
/MyDevelopment/portal/themesync/ibm-node/ibm-1.2.0.0-node-v0.12.1-headers/deps/v8/include/v8.h:2130:16: note: candidate function not viable: no known conversion from 'Persistent<v8::String>' to 'uint32_t' (aka 'unsigned int') for 1st argument
  Local<Value> Get(uint32_t index);
               ^
../ext/bson.cc:219:39: error: no matching member function for call to 'Get'
                                Local<Object> bufferObj = object->Get(bson->_binaryBufferString)->ToObject();
                                                          ~~~~~~~~^~~
/MyDevelopment/portal/themesync/ibm-node/ibm-1.2.0.0-node-v0.12.1-headers/deps/v8/include/v8.h:2128:16: note: candidate function not viable: no known conversion from 'Persistent<v8::String>' to 'Handle<v8::Value>' for 1st argument
  Local<Value> Get(Handle<Value> key);
               ^
/MyDevelopment/portal/themesync/ibm-node/ibm-1.2.0.0-node-v0.12.1-headers/deps/v8/include/v8.h:2130:16: note: candidate function not viable: no known conversion from 'Persistent<v8::String>' to 'uint32_t' (aka 'unsigned int') for 1st argument
  Local<Value> Get(uint32_t index);
               ^
../ext/bson.cc:224:16: error: no matching member function for call to 'Get'
                                if(object->Get(bson->_binarySubTypeString)->Int32Value() == 0x02) {
                                   ~~~~~~~~^~~
/MyDevelopment/portal/themesync/ibm-node/ibm-1.2.0.0-node-v0.12.1-headers/deps/v8/include/v8.h:2128:16: note: candidate function not viable: no known conversion from 'Persistent<v8::String>' to 'Handle<v8::Value>' for 1st argument
  Local<Value> Get(Handle<Value> key);
               ^
/MyDevelopment/portal/themesync/ibm-node/ibm-1.2.0.0-node-v0.12.1-headers/deps/v8/include/v8.h:2130:16: note: candidate function not viable: no known conversion from 'Persistent<v8::String>' to 'uint32_t' (aka 'unsigned int') for 1st argument
  Local<Value> Get(uint32_t index);
               ^
../ext/bson.cc:230:30: error: member reference type 'Persistent<v8::String>' is not a pointer; maybe you meant to use '.'?
                        else if(bson->doubleString->StrictEquals(constructorString))
                                ~~~~~~~~~~~~~~~~~~^~
                                                  .
fatal error: too many errors emitted, stopping now [-ferror-limit=]
20 errors generated.
make: *** [Release/obj.target/bson/ext/bson.o] Error 1
gyp ERR! build error 
gyp ERR! stack Error: `make` failed with exit code: 2
gyp ERR! stack     at ChildProcess.onExit (/usr/local/lib/node_modules/npm/node_modules/node-gyp/lib/build.js:267:23)
gyp ERR! stack     at ChildProcess.emit (events.js:110:17)
gyp ERR! stack     at Process.ChildProcess._handle.onexit (child_process.js:1067:12)
gyp ERR! System Darwin 14.3.0
gyp ERR! command "node" "/usr/local/lib/node_modules/npm/node_modules/node-gyp/bin/node-gyp.js" "rebuild"
gyp ERR! cwd /MyDevelopment/portal/themesync/themesync/node_modules/jsDAV/node_modules/mongodb/node_modules/bson
gyp ERR! node -v v0.12.0
gyp ERR! node-gyp -v v1.0.2
gyp ERR! not ok 
